0 info it worked if it ends with ok
1 verbose cli [ 'C:\\Program Files\\nodejs\\node.exe',
1 verbose cli   'C:\\Program Files\\nodejs\\node_modules\\npm\\bin\\npm-cli.js',
1 verbose cli   'run',
1 verbose cli   'build' ]
2 info using npm@3.10.10
3 info using node@v6.11.4
4 verbose run-script [ 'prebuild', 'build', 'postbuild' ]
5 info lifecycle todo-list@1.0.0~prebuild: todo-list@1.0.0
6 silly lifecycle todo-list@1.0.0~prebuild: no script for prebuild, continuing
7 info lifecycle todo-list@1.0.0~build: todo-list@1.0.0
8 verbose lifecycle todo-list@1.0.0~build: unsafe-perm in lifecycle true
9 verbose lifecycle todo-list@1.0.0~build: PATH: C:\Program Files\nodejs\node_modules\npm\bin\node-gyp-bin;G:\webspace\todo-list\node_modules\.bin;C:\Program Files\NVIDIA GPU Computing Toolkit\CUDA\v7.5\bin;C:\Program Files\NVIDIA GPU Computing Toolkit\CUDA\v7.5\libnvvp;C:\ProgramData\Oracle\Java\javapath;C:\Windows\system32;C:\Windows;C:\Windows\System32\Wbem;C:\Windows\System32\WindowsPowerShell\v1.0\;D:\Program Files\TortoiseSVN\bin;c:\Program Files (x86)\Microsoft SQL Server\90\Tools\binn\;D:\Java\jdk1.8.0_71\bin;D:\Java\jdk1.8.0_71\jre\bin;D:\Program Files\MATLAB\R2014a\runtime\win64;D:\Program Files\MATLAB\R2014a\bin;D:\Program Files\MATLAB\R2014a\polyspace\bin;C:\Program Files (x86)\Windows Kits\8.1\Windows Performance Toolkit\;C:\Program Files\Microsoft SQL Server\110\Tools\Binn\;C:\Program Files\Microsoft SQL Server\120\Tools\Binn\;C:\Python27\Scripts;F:\caffe-windows\Build\x64\Debug;D:\Program Files\Git\cmd;C:\Program Files (x86)\NVIDIA Corporation\PhysX\Common;E:\Program Files\OpenVPN\bin;E:\opencv-2.4.10\opencv\build\x86\vc10\bin;E:\opencv\build\x86\vc10\bin;C:\Program Files\Microsoft SQL Server\110\DTS\Binn\;C:\Program Files (x86)\Microsoft SQL Server\110\Tools\Binn\;C:\Program Files (x86)\Microsoft SQL Server\110\Tools\Binn\ManagementStudio\;C:\Program Files (x86)\Microsoft Visual Studio 10.0\Common7\IDE\PrivateAssemblies\;C:\Program Files (x86)\Microsoft SQL Server\110\DTS\Binn\;C:\Program Files\nodejs\;C:\Program Files\TortoiseGit\bin;C:\Program Files\MongoDB\Server\3.4\bin;C:\WINDOWS\system32;C:\WINDOWS;C:\WINDOWS\System32\Wbem;C:\WINDOWS\System32\WindowsPowerShell\v1.0\;C:\Users\andy\AppData\Roaming\npm\;C:\Program Files (x86)\Microsoft SDKs\TypeScript\1.0\;C:\Program Files\nodejs\node_global;C:\Anaconda2;C:\Anaconda2\Scripts;C:\Anaconda2\Library\bin;C:\Python27;C:\Anaconda2\MinGW\bin;C:\Anaconda2\MinGW\x86_64-w64-mingw32\lib;C:\local\boost_1_60_0\lib32-msvc-10.0;E:\opencv\build\x86\vc10\bin;C:\Users\andy\AppData\Local\atom\bin;C:\Program Files\Microsoft VS Code\bin;C:\Users\andy\AppData\Roaming\npm;C:\Users\andy\AppData\Local\Microsoft\WindowsApps;
10 verbose lifecycle todo-list@1.0.0~build: CWD: G:\webspace\todo-list
11 silly lifecycle todo-list@1.0.0~build: Args: [ '/d /s /c', 'glup' ]
12 silly lifecycle todo-list@1.0.0~build: Returned: code: 1  signal: null
13 info lifecycle todo-list@1.0.0~build: Failed to exec build script
14 verbose stack Error: todo-list@1.0.0 build: `glup`
14 verbose stack Exit status 1
14 verbose stack     at EventEmitter.<anonymous> (C:\Program Files\nodejs\node_modules\npm\lib\utils\lifecycle.js:255:16)
14 verbose stack     at emitTwo (events.js:106:13)
14 verbose stack     at EventEmitter.emit (events.js:191:7)
14 verbose stack     at ChildProcess.<anonymous> (C:\Program Files\nodejs\node_modules\npm\lib\utils\spawn.js:40:14)
14 verbose stack     at emitTwo (events.js:106:13)
14 verbose stack     at ChildProcess.emit (events.js:191:7)
14 verbose stack     at maybeClose (internal/child_process.js:920:16)
14 verbose stack     at Process.ChildProcess._handle.onexit (internal/child_process.js:230:5)
15 verbose pkgid todo-list@1.0.0
16 verbose cwd G:\webspace\todo-list
17 error Windows_NT 10.0.16299
18 error argv "C:\\Program Files\\nodejs\\node.exe" "C:\\Program Files\\nodejs\\node_modules\\npm\\bin\\npm-cli.js" "run" "build"
19 error node v6.11.4
20 error npm  v3.10.10
21 error code ELIFECYCLE
22 error todo-list@1.0.0 build: `glup`
22 error Exit status 1
23 error Failed at the todo-list@1.0.0 build script 'glup'.
23 error Make sure you have the latest version of node.js and npm installed.
23 error If you do, this is most likely a problem with the todo-list package,
23 error not with npm itself.
23 error Tell the author that this fails on your system:
23 error     glup
23 error You can get information on how to open an issue for this project with:
23 error     npm bugs todo-list
23 error Or if that isn't available, you can get their info via:
23 error     npm owner ls todo-list
23 error There is likely additional logging output above.
24 verbose exit [ 1, true ]
